<?xml version="1.0" encoding="utf-8"?><testsuites name="pytest tests"><testsuite name="pytest" errors="0" failures="0" skipped="0" tests="23" time="6.650" timestamp="2026-04-27T10:37:54.490447+00:00" hostname="agent-env-086ec682-bd46-43d0-b8e8-ba6bd67ec3af"><testcase classname="tests.test_equipment_api.TestAuth" name="test_admin_login" time="0.491" /><testcase classname="tests.test_equipment_api.TestAuth" name="test_supervisor_login" time="0.370" /><testcase classname="tests.test_equipment_api.TestAuth" name="test_trade_login" time="0.373" /><testcase classname="tests.test_equipment_api.TestAuth" name="test_bad_password" time="0.377" /><testcase classname="tests.test_equipment_api.TestAuth" name="test_me" time="0.466" /><testcase classname="tests.test_equipment_api.TestAuth" name="test_me_no_token" time="0.103" /><testcase classname="tests.test_equipment_api.TestLookups" name="test_properties" time="0.466" /><testcase classname="tests.test_equipment_api.TestLookups" name="test_categories" time="0.114" /><testcase classname="tests.test_equipment_api.TestAssets" name="test_list_assets_admin" time="0.105" /><testcase classname="tests.test_equipment_api.TestAssets" name="test_trade_no_cost_fields" time="0.100" /><testcase classname="tests.test_equipment_api.TestAssets" name="test_get_single_asset" time="0.219" /><testcase classname="tests.test_equipment_api.TestAssets" name="test_get_missing_asset" time="0.118" /><testcase classname="tests.test_equipment_api.TestDashboard" name="test_admin_dashboard" time="0.105" /><testcase classname="tests.test_equipment_api.TestDashboard" name="test_trade_dashboard_my_open" time="0.116" /><testcase classname="tests.test_equipment_api.TestCheckoutFlow" name="test_full_flow" time="0.887" /><testcase classname="tests.test_equipment_api.TestCheckoutFlow" name="test_trade_only_sees_own_checkouts" time="0.113" /><testcase classname="tests.test_equipment_api.TestBookings" name="test_trade_cannot_approve" time="0.305" /><testcase classname="tests.test_equipment_api.TestBookings" name="test_admin_approve" time="0.459" /><testcase classname="tests.test_equipment_api.TestBookings" name="test_supervisor_reject" time="0.769" /><testcase classname="tests.test_equipment_api.TestRBAC" name="test_audit_admin" time="0.104" /><testcase classname="tests.test_equipment_api.TestRBAC" name="test_audit_trade_forbidden" time="0.095" /><testcase classname="tests.test_equipment_api.TestRBAC" name="test_users_admin" time="0.112" /><testcase classname="tests.test_equipment_api.TestRBAC" name="test_users_trade_forbidden" time="0.100" /></testsuite></testsuites>